<?xml version="1.0" encoding="UTF-8"?>
<!-- Generated by org.testng.reporters.JUnitReportReporter -->
<testsuite hostname="LAPTOP-RQ5ADVUS" failures="0" tests="4" name="automationteststore.myTestCases" time="20.475" errors="0" timestamp="2024-03-15T04:19:38 EET" skipped="0">
  <testcase classname="automationteststore.myTestCases" name="signup" time="11.604"/>
  <system-out/>
  <testcase classname="automationteststore.myTestCases" name="login" time="2.217"/>
  <system-out/>
  <testcase classname="automationteststore.myTestCases" name="contactNumberTest" time="1.158"/>
  <system-out/>
  <testcase classname="automationteststore.myTestCases" name="addAllItemsToCart" time="5.496"/>
  <system-out/>
</testsuite> <!-- automationteststore.myTestCases -->
